[2020-06-11 12:41:52] local.ERROR: SQLSTATE[HY000]: General error: 1005 Can't create table `plesirjogja`.`schedules` (errno: 150 "Foreign key constraint is incorrectly formed") (SQL: alter table `schedules` add constraint `schedules_place_id_foreign` foreign key (`place_id`) references `places` (`id`) on delete cascade) {"exception":"[object] (Illuminate\\Database\\QueryException(code: HY000): SQLSTATE[HY000]: General error: 1005 Can't create table `plesirjogja`.`schedules` (errno: 150 \"Foreign key constraint is incorrectly formed\") (SQL: alter table `schedules` add constraint `schedules_place_id_foreign` foreign key (`place_id`) references `places` (`id`) on delete cascade) at D:\\Shared drives\\PSI - ALOEVERA\\pabw base\\pabw_plesirjogja\\vendor\\laravel\\framework\\src\\Illuminate\\Database\\Connection.php:665)
[stacktrace]
#0 D:\\Shared drives\\PSI - ALOEVERA\\pabw base\\pabw_plesirjogja\\vendor\\laravel\\framework\\src\\Illuminate\\Database\\Connection.php(625): Illuminate\\Database\\Connection->runQueryCallback('alter table `sc...', Array, Object(Closure))
#1 D:\\Shared drives\\PSI - ALOEVERA\\pabw base\\pabw_plesirjogja\\vendor\\laravel\\framework\\src\\Illuminate\\Database\\Connection.php(460): Illuminate\\Database\\Connection->run('alter table `sc...', Array, Object(Closure))
#2 D:\\Shared drives\\PSI - ALOEVERA\\pabw base\\pabw_plesirjogja\\vendor\\laravel\\framework\\src\\Illuminate\\Database\\Schema\\Blueprint.php(97): Illuminate\\Database\\Connection->statement('alter table `sc...')
#3 D:\\Shared drives\\PSI - ALOEVERA\\pabw base\\pabw_plesirjogja\\vendor\\laravel\\framework\\src\\Illuminate\\Database\\Schema\\Builder.php(290): Illuminate\\Database\\Schema\\Blueprint->build(Object(Illuminate\\Database\\MySqlConnection), Object(Illuminate\\Database\\Schema\\Grammars\\MySqlGrammar))
#4 D:\\Shared drives\\PSI - ALOEVERA\\pabw base\\pabw_plesirjogja\\vendor\\laravel\\framework\\src\\Illuminate\\Database\\Schema\\Builder.php(167): Illuminate\\Database\\Schema\\Builder->build(Object(Illuminate\\Database\\Schema\\Blueprint))
#5 D:\\Shared drives\\PSI - ALOEVERA\\pabw base\\pabw_plesirjogja\\vendor\\laravel\\framework\\src\\Illuminate\\Support\\Facades\\Facade.php(239): Illuminate\\Database\\Schema\\Builder->create('schedules', Object(Closure))
#6 D:\\Shared drives\\PSI - ALOEVERA\\pabw base\\pabw_plesirjogja\\database\\migrations\\2016_12_03_180224_create_schedules_table.php(28): Illuminate\\Support\\Facades\\Facade::__callStatic('create', Array)
#7 D:\\Shared drives\\PSI - ALOEVERA\\pabw base\\pabw_plesirjogja\\vendor\\laravel\\framework\\src\\Illuminate\\Database\\Migrations\\Migrator.php(387): CreateSchedulesTable->up()
#8 D:\\Shared drives\\PSI - ALOEVERA\\pabw base\\pabw_plesirjogja\\vendor\\laravel\\framework\\src\\Illuminate\\Database\\Migrations\\Migrator.php(396): Illuminate\\Database\\Migrations\\Migrator->Illuminate\\Database\\Migrations\\{closure}()
#9 D:\\Shared drives\\PSI - ALOEVERA\\pabw base\\pabw_plesirjogja\\vendor\\laravel\\framework\\src\\Illuminate\\Database\\Migrations\\Migrator.php(197): Illuminate\\Database\\Migrations\\Migrator->runMigration(Object(CreateSchedulesTable), 'up')
#10 D:\\Shared drives\\PSI - ALOEVERA\\pabw base\\pabw_plesirjogja\\vendor\\laravel\\framework\\src\\Illuminate\\Database\\Migrations\\Migrator.php(162): Illuminate\\Database\\Migrations\\Migrator->runUp('D:\\\\Shared drive...', 1, false)
#11 D:\\Shared drives\\PSI - ALOEVERA\\pabw base\\pabw_plesirjogja\\vendor\\laravel\\framework\\src\\Illuminate\\Database\\Migrations\\Migrator.php(109): Illuminate\\Database\\Migrations\\Migrator->runPending(Array, Array)
#12 D:\\Shared drives\\PSI - ALOEVERA\\pabw base\\pabw_plesirjogja\\vendor\\laravel\\framework\\src\\Illuminate\\Database\\Console\\Migrations\\MigrateCommand.php(71): Illuminate\\Database\\Migrations\\Migrator->run(Array, Array)
#13 [internal function]: Illuminate\\Database\\Console\\Migrations\\MigrateCommand->handle()
#14 D:\\Shared drives\\PSI - ALOEVERA\\pabw base\\pabw_plesirjogja\\vendor\\laravel\\framework\\src\\Illuminate\\Container\\BoundMethod.php(32): call_user_func_array(Array, Array)
#15 D:\\Shared drives\\PSI - ALOEVERA\\pabw base\\pabw_plesirjogja\\vendor\\laravel\\framework\\src\\Illuminate\\Container\\BoundMethod.php(90): Illuminate\\Container\\BoundMethod::Illuminate\\Container\\{closure}()
#16 D:\\Shared drives\\PSI - ALOEVERA\\pabw base\\pabw_plesirjogja\\vendor\\laravel\\framework\\src\\Illuminate\\Container\\BoundMethod.php(34): Illuminate\\Container\\BoundMethod::callBoundMethod(Object(Illuminate\\Foundation\\Application), Array, Object(Closure))
#17 D:\\Shared drives\\PSI - ALOEVERA\\pabw base\\pabw_plesirjogja\\vendor\\laravel\\framework\\src\\Illuminate\\Container\\Container.php(591): Illuminate\\Container\\BoundMethod::call(Object(Illuminate\\Foundation\\Application), Array, Array, NULL)
#18 D:\\Shared drives\\PSI - ALOEVERA\\pabw base\\pabw_plesirjogja\\vendor\\laravel\\framework\\src\\Illuminate\\Console\\Command.php(192): Illuminate\\Container\\Container->call(Array)
#19 D:\\Shared drives\\PSI - ALOEVERA\\pabw base\\pabw_plesirjogja\\vendor\\symfony\\console\\Command\\Command.php(255): Illuminate\\Console\\Command->execute(Object(Symfony\\Component\\Console\\Input\\ArgvInput), Object(Illuminate\\Console\\OutputStyle))
#20 D:\\Shared drives\\PSI - ALOEVERA\\pabw base\\pabw_plesirjogja\\vendor\\laravel\\framework\\src\\Illuminate\\Console\\Command.php(179): Symfony\\Component\\Console\\Command\\Command->run(Object(Symfony\\Component\\Console\\Input\\ArgvInput), Object(Illuminate\\Console\\OutputStyle))
#21 D:\\Shared drives\\PSI - ALOEVERA\\pabw base\\pabw_plesirjogja\\vendor\\symfony\\console\\Application.php(915): Illuminate\\Console\\Command->run(Object(Symfony\\Component\\Console\\Input\\ArgvInput), Object(Symfony\\Component\\Console\\Output\\ConsoleOutput))
#22 D:\\Shared drives\\PSI - ALOEVERA\\pabw base\\pabw_plesirjogja\\vendor\\symfony\\console\\Application.php(272): Symfony\\Component\\Console\\Application->doRunCommand(Object(Illuminate\\Database\\Console\\Migrations\\MigrateCommand), Object(Symfony\\Component\\Console\\Input\\ArgvInput), Object(Symfony\\Component\\Console\\Output\\ConsoleOutput))
#23 D:\\Shared drives\\PSI - ALOEVERA\\pabw base\\pabw_plesirjogja\\vendor\\symfony\\console\\Application.php(148): Symfony\\Component\\Console\\Application->doRun(Object(Symfony\\Component\\Console\\Input\\ArgvInput), Object(Symfony\\Component\\Console\\Output\\ConsoleOutput))
#24 D:\\Shared drives\\PSI - ALOEVERA\\pabw base\\pabw_plesirjogja\\vendor\\laravel\\framework\\src\\Illuminate\\Console\\Application.php(90): Symfony\\Component\\Console\\Application->run(Object(Symfony\\Component\\Console\\Input\\ArgvInput), Object(Symfony\\Component\\Console\\Output\\ConsoleOutput))
#25 D:\\Shared drives\\PSI - ALOEVERA\\pabw base\\pabw_plesirjogja\\vendor\\laravel\\framework\\src\\Illuminate\\Foundation\\Console\\Kernel.php(131): Illuminate\\Console\\Application->run(Object(Symfony\\Component\\Console\\Input\\ArgvInput), Object(Symfony\\Component\\Console\\Output\\ConsoleOutput))
#26 D:\\Shared drives\\PSI - ALOEVERA\\pabw base\\pabw_plesirjogja\\artisan(37): Illuminate\\Foundation\\Console\\Kernel->handle(Object(Symfony\\Component\\Console\\Input\\ArgvInput), Object(Symfony\\Component\\Console\\Output\\ConsoleOutput))
#27 {main}

[previous exception] [object] (PDOException(code: HY000): SQLSTATE[HY000]: General error: 1005 Can't create table `plesirjogja`.`schedules` (errno: 150 \"Foreign key constraint is incorrectly formed\") at D:\\Shared drives\\PSI - ALOEVERA\\pabw base\\pabw_plesirjogja\\vendor\\laravel\\framework\\src\\Illuminate\\Database\\Connection.php:459)
[stacktrace]
#0 D:\\Shared drives\\PSI - ALOEVERA\\pabw base\\pabw_plesirjogja\\vendor\\laravel\\framework\\src\\Illuminate\\Database\\Connection.php(459): PDOStatement->execute()
#1 D:\\Shared drives\\PSI - ALOEVERA\\pabw base\\pabw_plesirjogja\\vendor\\laravel\\framework\\src\\Illuminate\\Database\\Connection.php(658): Illuminate\\Database\\Connection->Illuminate\\Database\\{closure}('alter table `sc...', Array)
#2 D:\\Shared drives\\PSI - ALOEVERA\\pabw base\\pabw_plesirjogja\\vendor\\laravel\\framework\\src\\Illuminate\\Database\\Connection.php(625): Illuminate\\Database\\Connection->runQueryCallback('alter table `sc...', Array, Object(Closure))
#3 D:\\Shared drives\\PSI - ALOEVERA\\pabw base\\pabw_plesirjogja\\vendor\\laravel\\framework\\src\\Illuminate\\Database\\Connection.php(460): Illuminate\\Database\\Connection->run('alter table `sc...', Array, Object(Closure))
#4 D:\\Shared drives\\PSI - ALOEVERA\\pabw base\\pabw_plesirjogja\\vendor\\laravel\\framework\\src\\Illuminate\\Database\\Schema\\Blueprint.php(97): Illuminate\\Database\\Connection->statement('alter table `sc...')
#5 D:\\Shared drives\\PSI - ALOEVERA\\pabw base\\pabw_plesirjogja\\vendor\\laravel\\framework\\src\\Illuminate\\Database\\Schema\\Builder.php(290): Illuminate\\Database\\Schema\\Blueprint->build(Object(Illuminate\\Database\\MySqlConnection), Object(Illuminate\\Database\\Schema\\Grammars\\MySqlGrammar))
#6 D:\\Shared drives\\PSI - ALOEVERA\\pabw base\\pabw_plesirjogja\\vendor\\laravel\\framework\\src\\Illuminate\\Database\\Schema\\Builder.php(167): Illuminate\\Database\\Schema\\Builder->build(Object(Illuminate\\Database\\Schema\\Blueprint))
#7 D:\\Shared drives\\PSI - ALOEVERA\\pabw base\\pabw_plesirjogja\\vendor\\laravel\\framework\\src\\Illuminate\\Support\\Facades\\Facade.php(239): Illuminate\\Database\\Schema\\Builder->create('schedules', Object(Closure))
#8 D:\\Shared drives\\PSI - ALOEVERA\\pabw base\\pabw_plesirjogja\\database\\migrations\\2016_12_03_180224_create_schedules_table.php(28): Illuminate\\Support\\Facades\\Facade::__callStatic('create', Array)
#9 D:\\Shared drives\\PSI - ALOEVERA\\pabw base\\pabw_plesirjogja\\vendor\\laravel\\framework\\src\\Illuminate\\Database\\Migrations\\Migrator.php(387): CreateSchedulesTable->up()
#10 D:\\Shared drives\\PSI - ALOEVERA\\pabw base\\pabw_plesirjogja\\vendor\\laravel\\framework\\src\\Illuminate\\Database\\Migrations\\Migrator.php(396): Illuminate\\Database\\Migrations\\Migrator->Illuminate\\Database\\Migrations\\{closure}()
#11 D:\\Shared drives\\PSI - ALOEVERA\\pabw base\\pabw_plesirjogja\\vendor\\laravel\\framework\\src\\Illuminate\\Database\\Migrations\\Migrator.php(197): Illuminate\\Database\\Migrations\\Migrator->runMigration(Object(CreateSchedulesTable), 'up')
#12 D:\\Shared drives\\PSI - ALOEVERA\\pabw base\\pabw_plesirjogja\\vendor\\laravel\\framework\\src\\Illuminate\\Database\\Migrations\\Migrator.php(162): Illuminate\\Database\\Migrations\\Migrator->runUp('D:\\\\Shared drive...', 1, false)
#13 D:\\Shared drives\\PSI - ALOEVERA\\pabw base\\pabw_plesirjogja\\vendor\\laravel\\framework\\src\\Illuminate\\Database\\Migrations\\Migrator.php(109): Illuminate\\Database\\Migrations\\Migrator->runPending(Array, Array)
#14 D:\\Shared drives\\PSI - ALOEVERA\\pabw base\\pabw_plesirjogja\\vendor\\laravel\\framework\\src\\Illuminate\\Database\\Console\\Migrations\\MigrateCommand.php(71): Illuminate\\Database\\Migrations\\Migrator->run(Array, Array)
#15 [internal function]: Illuminate\\Database\\Console\\Migrations\\MigrateCommand->handle()
#16 D:\\Shared drives\\PSI - ALOEVERA\\pabw base\\pabw_plesirjogja\\vendor\\laravel\\framework\\src\\Illuminate\\Container\\BoundMethod.php(32): call_user_func_array(Array, Array)
#17 D:\\Shared drives\\PSI - ALOEVERA\\pabw base\\pabw_plesirjogja\\vendor\\laravel\\framework\\src\\Illuminate\\Container\\BoundMethod.php(90): Illuminate\\Container\\BoundMethod::Illuminate\\Container\\{closure}()
#18 D:\\Shared drives\\PSI - ALOEVERA\\pabw base\\pabw_plesirjogja\\vendor\\laravel\\framework\\src\\Illuminate\\Container\\BoundMethod.php(34): Illuminate\\Container\\BoundMethod::callBoundMethod(Object(Illuminate\\Foundation\\Application), Array, Object(Closure))
#19 D:\\Shared drives\\PSI - ALOEVERA\\pabw base\\pabw_plesirjogja\\vendor\\laravel\\framework\\src\\Illuminate\\Container\\Container.php(591): Illuminate\\Container\\BoundMethod::call(Object(Illuminate\\Foundation\\Application), Array, Array, NULL)
#20 D:\\Shared drives\\PSI - ALOEVERA\\pabw base\\pabw_plesirjogja\\vendor\\laravel\\framework\\src\\Illuminate\\Console\\Command.php(192): Illuminate\\Container\\Container->call(Array)
#21 D:\\Shared drives\\PSI - ALOEVERA\\pabw base\\pabw_plesirjogja\\vendor\\symfony\\console\\Command\\Command.php(255): Illuminate\\Console\\Command->execute(Object(Symfony\\Component\\Console\\Input\\ArgvInput), Object(Illuminate\\Console\\OutputStyle))
#22 D:\\Shared drives\\PSI - ALOEVERA\\pabw base\\pabw_plesirjogja\\vendor\\laravel\\framework\\src\\Illuminate\\Console\\Command.php(179): Symfony\\Component\\Console\\Command\\Command->run(Object(Symfony\\Component\\Console\\Input\\ArgvInput), Object(Illuminate\\Console\\OutputStyle))
#23 D:\\Shared drives\\PSI - ALOEVERA\\pabw base\\pabw_plesirjogja\\vendor\\symfony\\console\\Application.php(915): Illuminate\\Console\\Command->run(Object(Symfony\\Component\\Console\\Input\\ArgvInput), Object(Symfony\\Component\\Console\\Output\\ConsoleOutput))
#24 D:\\Shared drives\\PSI - ALOEVERA\\pabw base\\pabw_plesirjogja\\vendor\\symfony\\console\\Application.php(272): Symfony\\Component\\Console\\Application->doRunCommand(Object(Illuminate\\Database\\Console\\Migrations\\MigrateCommand), Object(Symfony\\Component\\Console\\Input\\ArgvInput), Object(Symfony\\Component\\Console\\Output\\ConsoleOutput))
#25 D:\\Shared drives\\PSI - ALOEVERA\\pabw base\\pabw_plesirjogja\\vendor\\symfony\\console\\Application.php(148): Symfony\\Component\\Console\\Application->doRun(Object(Symfony\\Component\\Console\\Input\\ArgvInput), Object(Symfony\\Component\\Console\\Output\\ConsoleOutput))
#26 D:\\Shared drives\\PSI - ALOEVERA\\pabw base\\pabw_plesirjogja\\vendor\\laravel\\framework\\src\\Illuminate\\Console\\Application.php(90): Symfony\\Component\\Console\\Application->run(Object(Symfony\\Component\\Console\\Input\\ArgvInput), Object(Symfony\\Component\\Console\\Output\\ConsoleOutput))
#27 D:\\Shared drives\\PSI - ALOEVERA\\pabw base\\pabw_plesirjogja\\vendor\\laravel\\framework\\src\\Illuminate\\Foundation\\Console\\Kernel.php(131): Illuminate\\Console\\Application->run(Object(Symfony\\Component\\Console\\Input\\ArgvInput), Object(Symfony\\Component\\Console\\Output\\ConsoleOutput))
#28 D:\\Shared drives\\PSI - ALOEVERA\\pabw base\\pabw_plesirjogja\\artisan(37): Illuminate\\Foundation\\Console\\Kernel->handle(Object(Symfony\\Component\\Console\\Input\\ArgvInput), Object(Symfony\\Component\\Console\\Output\\ConsoleOutput))
#29 {main}
"} 
[2020-06-11 12:51:37] local.ERROR: SQLSTATE[42S02]: Base table or view not found: 1146 Table 'plesirjogja.tickets' doesn't exist (SQL: alter table `tickets` add `created_at` timestamp null, add `updated_at` timestamp null) {"exception":"[object] (Illuminate\\Database\\QueryException(code: 42S02): SQLSTATE[42S02]: Base table or view not found: 1146 Table 'plesirjogja.tickets' doesn't exist (SQL: alter table `tickets` add `created_at` timestamp null, add `updated_at` timestamp null) at D:\\Shared drives\\PSI - ALOEVERA\\pabw base\\pabw_plesirjogja\\vendor\\laravel\\framework\\src\\Illuminate\\Database\\Connection.php:665)
[stacktrace]
#0 D:\\Shared drives\\PSI - ALOEVERA\\pabw base\\pabw_plesirjogja\\vendor\\laravel\\framework\\src\\Illuminate\\Database\\Connection.php(625): Illuminate\\Database\\Connection->runQueryCallback('alter table `ti...', Array, Object(Closure))
#1 D:\\Shared drives\\PSI - ALOEVERA\\pabw base\\pabw_plesirjogja\\vendor\\laravel\\framework\\src\\Illuminate\\Database\\Connection.php(460): Illuminate\\Database\\Connection->run('alter table `ti...', Array, Object(Closure))
#2 D:\\Shared drives\\PSI - ALOEVERA\\pabw base\\pabw_plesirjogja\\vendor\\laravel\\framework\\src\\Illuminate\\Database\\Schema\\Blueprint.php(97): Illuminate\\Database\\Connection->statement('alter table `ti...')
#3 D:\\Shared drives\\PSI - ALOEVERA\\pabw base\\pabw_plesirjogja\\vendor\\laravel\\framework\\src\\Illuminate\\Database\\Schema\\Builder.php(290): Illuminate\\Database\\Schema\\Blueprint->build(Object(Illuminate\\Database\\MySqlConnection), Object(Illuminate\\Database\\Schema\\Grammars\\MySqlGrammar))
#4 D:\\Shared drives\\PSI - ALOEVERA\\pabw base\\pabw_plesirjogja\\vendor\\laravel\\framework\\src\\Illuminate\\Database\\Schema\\Builder.php(151): Illuminate\\Database\\Schema\\Builder->build(Object(Illuminate\\Database\\Schema\\Blueprint))
#5 D:\\Shared drives\\PSI - ALOEVERA\\pabw base\\pabw_plesirjogja\\vendor\\laravel\\framework\\src\\Illuminate\\Support\\Facades\\Facade.php(239): Illuminate\\Database\\Schema\\Builder->table('tickets', Object(Closure))
#6 D:\\Shared drives\\PSI - ALOEVERA\\pabw base\\pabw_plesirjogja\\database\\migrations\\2018_12_07_075927_update_table_tickets.php(18): Illuminate\\Support\\Facades\\Facade::__callStatic('table', Array)
#7 D:\\Shared drives\\PSI - ALOEVERA\\pabw base\\pabw_plesirjogja\\vendor\\laravel\\framework\\src\\Illuminate\\Database\\Migrations\\Migrator.php(387): UpdateTableTickets->up()
#8 D:\\Shared drives\\PSI - ALOEVERA\\pabw base\\pabw_plesirjogja\\vendor\\laravel\\framework\\src\\Illuminate\\Database\\Migrations\\Migrator.php(396): Illuminate\\Database\\Migrations\\Migrator->Illuminate\\Database\\Migrations\\{closure}()
#9 D:\\Shared drives\\PSI - ALOEVERA\\pabw base\\pabw_plesirjogja\\vendor\\laravel\\framework\\src\\Illuminate\\Database\\Migrations\\Migrator.php(197): Illuminate\\Database\\Migrations\\Migrator->runMigration(Object(UpdateTableTickets), 'up')
#10 D:\\Shared drives\\PSI - ALOEVERA\\pabw base\\pabw_plesirjogja\\vendor\\laravel\\framework\\src\\Illuminate\\Database\\Migrations\\Migrator.php(162): Illuminate\\Database\\Migrations\\Migrator->runUp('D:\\\\Shared drive...', 1, false)
#11 D:\\Shared drives\\PSI - ALOEVERA\\pabw base\\pabw_plesirjogja\\vendor\\laravel\\framework\\src\\Illuminate\\Database\\Migrations\\Migrator.php(109): Illuminate\\Database\\Migrations\\Migrator->runPending(Array, Array)
#12 D:\\Shared drives\\PSI - ALOEVERA\\pabw base\\pabw_plesirjogja\\vendor\\laravel\\framework\\src\\Illuminate\\Database\\Console\\Migrations\\MigrateCommand.php(71): Illuminate\\Database\\Migrations\\Migrator->run(Array, Array)
#13 [internal function]: Illuminate\\Database\\Console\\Migrations\\MigrateCommand->handle()
#14 D:\\Shared drives\\PSI - ALOEVERA\\pabw base\\pabw_plesirjogja\\vendor\\laravel\\framework\\src\\Illuminate\\Container\\BoundMethod.php(32): call_user_func_array(Array, Array)
#15 D:\\Shared drives\\PSI - ALOEVERA\\pabw base\\pabw_plesirjogja\\vendor\\laravel\\framework\\src\\Illuminate\\Container\\BoundMethod.php(90): Illuminate\\Container\\BoundMethod::Illuminate\\Container\\{closure}()
#16 D:\\Shared drives\\PSI - ALOEVERA\\pabw base\\pabw_plesirjogja\\vendor\\laravel\\framework\\src\\Illuminate\\Container\\BoundMethod.php(34): Illuminate\\Container\\BoundMethod::callBoundMethod(Object(Illuminate\\Foundation\\Application), Array, Object(Closure))
#17 D:\\Shared drives\\PSI - ALOEVERA\\pabw base\\pabw_plesirjogja\\vendor\\laravel\\framework\\src\\Illuminate\\Container\\Container.php(591): Illuminate\\Container\\BoundMethod::call(Object(Illuminate\\Foundation\\Application), Array, Array, NULL)
#18 D:\\Shared drives\\PSI - ALOEVERA\\pabw base\\pabw_plesirjogja\\vendor\\laravel\\framework\\src\\Illuminate\\Console\\Command.php(192): Illuminate\\Container\\Container->call(Array)
#19 D:\\Shared drives\\PSI - ALOEVERA\\pabw base\\pabw_plesirjogja\\vendor\\symfony\\console\\Command\\Command.php(255): Illuminate\\Console\\Command->execute(Object(Symfony\\Component\\Console\\Input\\ArrayInput), Object(Illuminate\\Console\\OutputStyle))
#20 D:\\Shared drives\\PSI - ALOEVERA\\pabw base\\pabw_plesirjogja\\vendor\\laravel\\framework\\src\\Illuminate\\Console\\Command.php(179): Symfony\\Component\\Console\\Command\\Command->run(Object(Symfony\\Component\\Console\\Input\\ArrayInput), Object(Illuminate\\Console\\OutputStyle))
#21 D:\\Shared drives\\PSI - ALOEVERA\\pabw base\\pabw_plesirjogja\\vendor\\laravel\\framework\\src\\Illuminate\\Console\\Command.php(232): Illuminate\\Console\\Command->run(Object(Symfony\\Component\\Console\\Input\\ArrayInput), Object(Illuminate\\Console\\OutputStyle))
#22 D:\\Shared drives\\PSI - ALOEVERA\\pabw base\\pabw_plesirjogja\\vendor\\laravel\\framework\\src\\Illuminate\\Console\\Command.php(204): Illuminate\\Console\\Command->runCommand('migrate', Array, Object(Illuminate\\Console\\OutputStyle))
#23 D:\\Shared drives\\PSI - ALOEVERA\\pabw base\\pabw_plesirjogja\\vendor\\laravel\\framework\\src\\Illuminate\\Database\\Console\\Migrations\\FreshCommand.php(52): Illuminate\\Console\\Command->call('migrate', Array)
#24 [internal function]: Illuminate\\Database\\Console\\Migrations\\FreshCommand->handle()
#25 D:\\Shared drives\\PSI - ALOEVERA\\pabw base\\pabw_plesirjogja\\vendor\\laravel\\framework\\src\\Illuminate\\Container\\BoundMethod.php(32): call_user_func_array(Array, Array)
#26 D:\\Shared drives\\PSI - ALOEVERA\\pabw base\\pabw_plesirjogja\\vendor\\laravel\\framework\\src\\Illuminate\\Container\\BoundMethod.php(90): Illuminate\\Container\\BoundMethod::Illuminate\\Container\\{closure}()
#27 D:\\Shared drives\\PSI - ALOEVERA\\pabw base\\pabw_plesirjogja\\vendor\\laravel\\framework\\src\\Illuminate\\Container\\BoundMethod.php(34): Illuminate\\Container\\BoundMethod::callBoundMethod(Object(Illuminate\\Foundation\\Application), Array, Object(Closure))
#28 D:\\Shared drives\\PSI - ALOEVERA\\pabw base\\pabw_plesirjogja\\vendor\\laravel\\framework\\src\\Illuminate\\Container\\Container.php(591): Illuminate\\Container\\BoundMethod::call(Object(Illuminate\\Foundation\\Application), Array, Array, NULL)
#29 D:\\Shared drives\\PSI - ALOEVERA\\pabw base\\pabw_plesirjogja\\vendor\\laravel\\framework\\src\\Illuminate\\Console\\Command.php(192): Illuminate\\Container\\Container->call(Array)
#30 D:\\Shared drives\\PSI - ALOEVERA\\pabw base\\pabw_plesirjogja\\vendor\\symfony\\console\\Command\\Command.php(255): Illuminate\\Console\\Command->execute(Object(Symfony\\Component\\Console\\Input\\ArgvInput), Object(Illuminate\\Console\\OutputStyle))
#31 D:\\Shared drives\\PSI - ALOEVERA\\pabw base\\pabw_plesirjogja\\vendor\\laravel\\framework\\src\\Illuminate\\Console\\Command.php(179): Symfony\\Component\\Console\\Command\\Command->run(Object(Symfony\\Component\\Console\\Input\\ArgvInput), Object(Illuminate\\Console\\OutputStyle))
#32 D:\\Shared drives\\PSI - ALOEVERA\\pabw base\\pabw_plesirjogja\\vendor\\symfony\\console\\Application.php(915): Illuminate\\Console\\Command->run(Object(Symfony\\Component\\Console\\Input\\ArgvInput), Object(Symfony\\Component\\Console\\Output\\ConsoleOutput))
#33 D:\\Shared drives\\PSI - ALOEVERA\\pabw base\\pabw_plesirjogja\\vendor\\symfony\\console\\Application.php(272): Symfony\\Component\\Console\\Application->doRunCommand(Object(Illuminate\\Database\\Console\\Migrations\\FreshCommand), Object(Symfony\\Component\\Console\\Input\\ArgvInput), Object(Symfony\\Component\\Console\\Output\\ConsoleOutput))
#34 D:\\Shared drives\\PSI - ALOEVERA\\pabw base\\pabw_plesirjogja\\vendor\\symfony\\console\\Application.php(148): Symfony\\Component\\Console\\Application->doRun(Object(Symfony\\Component\\Console\\Input\\ArgvInput), Object(Symfony\\Component\\Console\\Output\\ConsoleOutput))
#35 D:\\Shared drives\\PSI - ALOEVERA\\pabw base\\pabw_plesirjogja\\vendor\\laravel\\framework\\src\\Illuminate\\Console\\Application.php(90): Symfony\\Component\\Console\\Application->run(Object(Symfony\\Component\\Console\\Input\\ArgvInput), Object(Symfony\\Component\\Console\\Output\\ConsoleOutput))
#36 D:\\Shared drives\\PSI - ALOEVERA\\pabw base\\pabw_plesirjogja\\vendor\\laravel\\framework\\src\\Illuminate\\Foundation\\Console\\Kernel.php(131): Illuminate\\Console\\Application->run(Object(Symfony\\Component\\Console\\Input\\ArgvInput), Object(Symfony\\Component\\Console\\Output\\ConsoleOutput))
#37 D:\\Shared drives\\PSI - ALOEVERA\\pabw base\\pabw_plesirjogja\\artisan(37): Illuminate\\Foundation\\Console\\Kernel->handle(Object(Symfony\\Component\\Console\\Input\\ArgvInput), Object(Symfony\\Component\\Console\\Output\\ConsoleOutput))
#38 {main}

[previous exception] [object] (PDOException(code: 42S02): SQLSTATE[42S02]: Base table or view not found: 1146 Table 'plesirjogja.tickets' doesn't exist at D:\\Shared drives\\PSI - ALOEVERA\\pabw base\\pabw_plesirjogja\\vendor\\laravel\\framework\\src\\Illuminate\\Database\\Connection.php:459)
[stacktrace]
#0 D:\\Shared drives\\PSI - ALOEVERA\\pabw base\\pabw_plesirjogja\\vendor\\laravel\\framework\\src\\Illuminate\\Database\\Connection.php(459): PDOStatement->execute()
#1 D:\\Shared drives\\PSI - ALOEVERA\\pabw base\\pabw_plesirjogja\\vendor\\laravel\\framework\\src\\Illuminate\\Database\\Connection.php(658): Illuminate\\Database\\Connection->Illuminate\\Database\\{closure}('alter table `ti...', Array)
#2 D:\\Shared drives\\PSI - ALOEVERA\\pabw base\\pabw_plesirjogja\\vendor\\laravel\\framework\\src\\Illuminate\\Database\\Connection.php(625): Illuminate\\Database\\Connection->runQueryCallback('alter table `ti...', Array, Object(Closure))
#3 D:\\Shared drives\\PSI - ALOEVERA\\pabw base\\pabw_plesirjogja\\vendor\\laravel\\framework\\src\\Illuminate\\Database\\Connection.php(460): Illuminate\\Database\\Connection->run('alter table `ti...', Array, Object(Closure))
#4 D:\\Shared drives\\PSI - ALOEVERA\\pabw base\\pabw_plesirjogja\\vendor\\laravel\\framework\\src\\Illuminate\\Database\\Schema\\Blueprint.php(97): Illuminate\\Database\\Connection->statement('alter table `ti...')
#5 D:\\Shared drives\\PSI - ALOEVERA\\pabw base\\pabw_plesirjogja\\vendor\\laravel\\framework\\src\\Illuminate\\Database\\Schema\\Builder.php(290): Illuminate\\Database\\Schema\\Blueprint->build(Object(Illuminate\\Database\\MySqlConnection), Object(Illuminate\\Database\\Schema\\Grammars\\MySqlGrammar))
#6 D:\\Shared drives\\PSI - ALOEVERA\\pabw base\\pabw_plesirjogja\\vendor\\laravel\\framework\\src\\Illuminate\\Database\\Schema\\Builder.php(151): Illuminate\\Database\\Schema\\Builder->build(Object(Illuminate\\Database\\Schema\\Blueprint))
#7 D:\\Shared drives\\PSI - ALOEVERA\\pabw base\\pabw_plesirjogja\\vendor\\laravel\\framework\\src\\Illuminate\\Support\\Facades\\Facade.php(239): Illuminate\\Database\\Schema\\Builder->table('tickets', Object(Closure))
#8 D:\\Shared drives\\PSI - ALOEVERA\\pabw base\\pabw_plesirjogja\\database\\migrations\\2018_12_07_075927_update_table_tickets.php(18): Illuminate\\Support\\Facades\\Facade::__callStatic('table', Array)
#9 D:\\Shared drives\\PSI - ALOEVERA\\pabw base\\pabw_plesirjogja\\vendor\\laravel\\framework\\src\\Illuminate\\Database\\Migrations\\Migrator.php(387): UpdateTableTickets->up()
#10 D:\\Shared drives\\PSI - ALOEVERA\\pabw base\\pabw_plesirjogja\\vendor\\laravel\\framework\\src\\Illuminate\\Database\\Migrations\\Migrator.php(396): Illuminate\\Database\\Migrations\\Migrator->Illuminate\\Database\\Migrations\\{closure}()
#11 D:\\Shared drives\\PSI - ALOEVERA\\pabw base\\pabw_plesirjogja\\vendor\\laravel\\framework\\src\\Illuminate\\Database\\Migrations\\Migrator.php(197): Illuminate\\Database\\Migrations\\Migrator->runMigration(Object(UpdateTableTickets), 'up')
#12 D:\\Shared drives\\PSI - ALOEVERA\\pabw base\\pabw_plesirjogja\\vendor\\laravel\\framework\\src\\Illuminate\\Database\\Migrations\\Migrator.php(162): Illuminate\\Database\\Migrations\\Migrator->runUp('D:\\\\Shared drive...', 1, false)
#13 D:\\Shared drives\\PSI - ALOEVERA\\pabw base\\pabw_plesirjogja\\vendor\\laravel\\framework\\src\\Illuminate\\Database\\Migrations\\Migrator.php(109): Illuminate\\Database\\Migrations\\Migrator->runPending(Array, Array)
#14 D:\\Shared drives\\PSI - ALOEVERA\\pabw base\\pabw_plesirjogja\\vendor\\laravel\\framework\\src\\Illuminate\\Database\\Console\\Migrations\\MigrateCommand.php(71): Illuminate\\Database\\Migrations\\Migrator->run(Array, Array)
#15 [internal function]: Illuminate\\Database\\Console\\Migrations\\MigrateCommand->handle()
#16 D:\\Shared drives\\PSI - ALOEVERA\\pabw base\\pabw_plesirjogja\\vendor\\laravel\\framework\\src\\Illuminate\\Container\\BoundMethod.php(32): call_user_func_array(Array, Array)
#17 D:\\Shared drives\\PSI - ALOEVERA\\pabw base\\pabw_plesirjogja\\vendor\\laravel\\framework\\src\\Illuminate\\Container\\BoundMethod.php(90): Illuminate\\Container\\BoundMethod::Illuminate\\Container\\{closure}()
#18 D:\\Shared drives\\PSI - ALOEVERA\\pabw base\\pabw_plesirjogja\\vendor\\laravel\\framework\\src\\Illuminate\\Container\\BoundMethod.php(34): Illuminate\\Container\\BoundMethod::callBoundMethod(Object(Illuminate\\Foundation\\Application), Array, Object(Closure))
#19 D:\\Shared drives\\PSI - ALOEVERA\\pabw base\\pabw_plesirjogja\\vendor\\laravel\\framework\\src\\Illuminate\\Container\\Container.php(591): Illuminate\\Container\\BoundMethod::call(Object(Illuminate\\Foundation\\Application), Array, Array, NULL)
#20 D:\\Shared drives\\PSI - ALOEVERA\\pabw base\\pabw_plesirjogja\\vendor\\laravel\\framework\\src\\Illuminate\\Console\\Command.php(192): Illuminate\\Container\\Container->call(Array)
#21 D:\\Shared drives\\PSI - ALOEVERA\\pabw base\\pabw_plesirjogja\\vendor\\symfony\\console\\Command\\Command.php(255): Illuminate\\Console\\Command->execute(Object(Symfony\\Component\\Console\\Input\\ArrayInput), Object(Illuminate\\Console\\OutputStyle))
#22 D:\\Shared drives\\PSI - ALOEVERA\\pabw base\\pabw_plesirjogja\\vendor\\laravel\\framework\\src\\Illuminate\\Console\\Command.php(179): Symfony\\Component\\Console\\Command\\Command->run(Object(Symfony\\Component\\Console\\Input\\ArrayInput), Object(Illuminate\\Console\\OutputStyle))
#23 D:\\Shared drives\\PSI - ALOEVERA\\pabw base\\pabw_plesirjogja\\vendor\\laravel\\framework\\src\\Illuminate\\Console\\Command.php(232): Illuminate\\Console\\Command->run(Object(Symfony\\Component\\Console\\Input\\ArrayInput), Object(Illuminate\\Console\\OutputStyle))
#24 D:\\Shared drives\\PSI - ALOEVERA\\pabw base\\pabw_plesirjogja\\vendor\\laravel\\framework\\src\\Illuminate\\Console\\Command.php(204): Illuminate\\Console\\Command->runCommand('migrate', Array, Object(Illuminate\\Console\\OutputStyle))
#25 D:\\Shared drives\\PSI - ALOEVERA\\pabw base\\pabw_plesirjogja\\vendor\\laravel\\framework\\src\\Illuminate\\Database\\Console\\Migrations\\FreshCommand.php(52): Illuminate\\Console\\Command->call('migrate', Array)
#26 [internal function]: Illuminate\\Database\\Console\\Migrations\\FreshCommand->handle()
#27 D:\\Shared drives\\PSI - ALOEVERA\\pabw base\\pabw_plesirjogja\\vendor\\laravel\\framework\\src\\Illuminate\\Container\\BoundMethod.php(32): call_user_func_array(Array, Array)
#28 D:\\Shared drives\\PSI - ALOEVERA\\pabw base\\pabw_plesirjogja\\vendor\\laravel\\framework\\src\\Illuminate\\Container\\BoundMethod.php(90): Illuminate\\Container\\BoundMethod::Illuminate\\Container\\{closure}()
#29 D:\\Shared drives\\PSI - ALOEVERA\\pabw base\\pabw_plesirjogja\\vendor\\laravel\\framework\\src\\Illuminate\\Container\\BoundMethod.php(34): Illuminate\\Container\\BoundMethod::callBoundMethod(Object(Illuminate\\Foundation\\Application), Array, Object(Closure))
#30 D:\\Shared drives\\PSI - ALOEVERA\\pabw base\\pabw_plesirjogja\\vendor\\laravel\\framework\\src\\Illuminate\\Container\\Container.php(591): Illuminate\\Container\\BoundMethod::call(Object(Illuminate\\Foundation\\Application), Array, Array, NULL)
#31 D:\\Shared drives\\PSI - ALOEVERA\\pabw base\\pabw_plesirjogja\\vendor\\laravel\\framework\\src\\Illuminate\\Console\\Command.php(192): Illuminate\\Container\\Container->call(Array)
#32 D:\\Shared drives\\PSI - ALOEVERA\\pabw base\\pabw_plesirjogja\\vendor\\symfony\\console\\Command\\Command.php(255): Illuminate\\Console\\Command->execute(Object(Symfony\\Component\\Console\\Input\\ArgvInput), Object(Illuminate\\Console\\OutputStyle))
#33 D:\\Shared drives\\PSI - ALOEVERA\\pabw base\\pabw_plesirjogja\\vendor\\laravel\\framework\\src\\Illuminate\\Console\\Command.php(179): Symfony\\Component\\Console\\Command\\Command->run(Object(Symfony\\Component\\Console\\Input\\ArgvInput), Object(Illuminate\\Console\\OutputStyle))
#34 D:\\Shared drives\\PSI - ALOEVERA\\pabw base\\pabw_plesirjogja\\vendor\\symfony\\console\\Application.php(915): Illuminate\\Console\\Command->run(Object(Symfony\\Component\\Console\\Input\\ArgvInput), Object(Symfony\\Component\\Console\\Output\\ConsoleOutput))
#35 D:\\Shared drives\\PSI - ALOEVERA\\pabw base\\pabw_plesirjogja\\vendor\\symfony\\console\\Application.php(272): Symfony\\Component\\Console\\Application->doRunCommand(Object(Illuminate\\Database\\Console\\Migrations\\FreshCommand), Object(Symfony\\Component\\Console\\Input\\ArgvInput), Object(Symfony\\Component\\Console\\Output\\ConsoleOutput))
#36 D:\\Shared drives\\PSI - ALOEVERA\\pabw base\\pabw_plesirjogja\\vendor\\symfony\\console\\Application.php(148): Symfony\\Component\\Console\\Application->doRun(Object(Symfony\\Component\\Console\\Input\\ArgvInput), Object(Symfony\\Component\\Console\\Output\\ConsoleOutput))
#37 D:\\Shared drives\\PSI - ALOEVERA\\pabw base\\pabw_plesirjogja\\vendor\\laravel\\framework\\src\\Illuminate\\Console\\Application.php(90): Symfony\\Component\\Console\\Application->run(Object(Symfony\\Component\\Console\\Input\\ArgvInput), Object(Symfony\\Component\\Console\\Output\\ConsoleOutput))
#38 D:\\Shared drives\\PSI - ALOEVERA\\pabw base\\pabw_plesirjogja\\vendor\\laravel\\framework\\src\\Illuminate\\Foundation\\Console\\Kernel.php(131): Illuminate\\Console\\Application->run(Object(Symfony\\Component\\Console\\Input\\ArgvInput), Object(Symfony\\Component\\Console\\Output\\ConsoleOutput))
#39 D:\\Shared drives\\PSI - ALOEVERA\\pabw base\\pabw_plesirjogja\\artisan(37): Illuminate\\Foundation\\Console\\Kernel->handle(Object(Symfony\\Component\\Console\\Input\\ArgvInput), Object(Symfony\\Component\\Console\\Output\\ConsoleOutput))
#40 {main}
"} 
